{"level":"error","message":"Error: ENOENT: no such file or directory, stat 'C:\\Users\\232.932074\\Desktop\\portal-super-massa\\portal-super-massa\\dashboard.html'"}
{"level":"error","message":"Error: ENOENT: no such file or directory, stat 'C:\\Users\\232.932074\\Desktop\\portal-super-massa\\portal-super-massa\\index.html'"}
{"level":"error","message":"Error: ENOENT: no such file or directory, stat 'C:\\Users\\232.932074\\Desktop\\portal-super-massa\\portal-super-massa\\index.html'"}
{"level":"error","message":"Error: ENOENT: no such file or directory, stat 'C:\\Users\\232.932074\\Desktop\\portal-super-massa\\portal-super-massa\\index.html'"}
{"level":"error","message":"Error: ENOENT: no such file or directory, stat 'C:\\Users\\232.932074\\Desktop\\portal-super-massa\\portal-super-massa\\index.html'"}
{"level":"error","message":"Error: ENOENT: no such file or directory, stat 'C:\\Users\\232.932074\\Desktop\\portal-super-massa\\portal-super-massa\\index.html'"}
{"level":"error","message":"Error: ENOENT: no such file or directory, stat 'C:\\Users\\232.932074\\Desktop\\portal-super-massa\\portal-super-massa\\index.html'"}
{"level":"error","message":"Error: ENOENT: no such file or directory, stat 'C:\\Users\\232.932074\\Desktop\\portal-super-massa\\portal-super-massa\\index.html'"}
{"level":"error","message":"Error: ENOENT: no such file or directory, stat 'C:\\Users\\232.932074\\Desktop\\portal-super-massa\\portal-super-massa\\index.html'"}
{"level":"error","message":"Error: ENOENT: no such file or directory, stat 'C:\\Users\\232.932074\\Desktop\\portal-super-massa\\portal-super-massa\\index.html'"}
{"level":"error","message":"Error: ENOENT: no such file or directory, stat 'C:\\Users\\232.932074\\Desktop\\portal-super-massa\\portal-super-massa\\index.html'"}
{"level":"error","message":"Error: ENOENT: no such file or directory, stat 'C:\\Users\\232.932074\\Desktop\\portal-super-massa\\portal-super-massa\\index.html'"}
{"level":"error","message":"Error: ENOENT: no such file or directory, stat 'C:\\Users\\232.932074\\Desktop\\portal-super-massa\\portal-super-massa\\index.html'"}
{"level":"error","message":"Error: ENOENT: no such file or directory, stat 'C:\\Users\\232.932074\\Desktop\\portal-super-massa\\portal-super-massa\\index.html'"}
{"level":"error","message":"Error: ENOENT: no such file or directory, stat 'C:\\Users\\232.932074\\Desktop\\portal-super-massa\\portal-super-massa\\index.html'"}
{"level":"error","message":"Error: ENOENT: no such file or directory, stat 'C:\\Users\\232.932074\\Desktop\\portal-super-massa\\portal-super-massa\\index.html'"}
{"level":"error","message":"Error: ENOENT: no such file or directory, stat 'C:\\Users\\232.932074\\Desktop\\portal-super-massa\\portal-super-massa\\index.html'"}
{"level":"error","message":"Error: ENOENT: no such file or directory, stat 'C:\\Users\\232.932074\\Desktop\\portal-super-massa\\portal-super-massa\\index.html'"}
{"level":"error","message":"Error: ENOENT: no such file or directory, stat 'C:\\Users\\232.932074\\Desktop\\portal-super-massa\\portal-super-massa\\index.html'"}
{"level":"error","message":"Error: ENOENT: no such file or directory, stat 'C:\\Users\\232.932074\\Desktop\\portal-super-massa\\portal-super-massa\\index.html'"}
{"code":"ENOENT","errno":-4058,"expose":false,"level":"error","message":"Erro ao enviar o arquivo dashboard.html: ENOENT: no such file or directory, stat 'C:\\Users\\232.932074\\Desktop\\portal-super-massa\\dashboard.html'","path":"C:\\Users\\232.932074\\Desktop\\portal-super-massa\\dashboard.html","stack":"Error: ENOENT: no such file or directory, stat 'C:\\Users\\232.932074\\Desktop\\portal-super-massa\\dashboard.html'","status":404,"statusCode":404,"syscall":"stat"}
{"code":"42703","file":"parse_target.c","length":122,"level":"error","line":"1070","message":"Erro ao registrar usuário: coluna \"user_id\" da relação \"users\" não existe","name":"error","position":"33","routine":"checkInsertTargets","severity":"ERRO","stack":"error: coluna \"user_id\" da relação \"users\" não existe\n    at C:\\Users\\Trindade\\Desktop\\portal-ds\\node_modules\\pg-pool\\index.js:45:11\n    at process.processTicksAndRejections (node:internal/process/task_queues:95:5)\n    at async Strategy._verify (C:\\Users\\Trindade\\Desktop\\portal-ds\\server.js:56:21)"}
{"level":"error","message":"error: coluna \"user_id\" da relação \"users\" não existe\n    at C:\\Users\\Trindade\\Desktop\\portal-ds\\node_modules\\pg-pool\\index.js:45:11\n    at process.processTicksAndRejections (node:internal/process/task_queues:95:5)\n    at async Strategy._verify (C:\\Users\\Trindade\\Desktop\\portal-ds\\server.js:56:21)"}
{"code":"42703","file":"parse_target.c","length":122,"level":"error","line":"1070","message":"Erro ao registrar usuário: coluna \"user_id\" da relação \"users\" não existe","name":"error","position":"33","routine":"checkInsertTargets","severity":"ERRO","stack":"error: coluna \"user_id\" da relação \"users\" não existe\n    at C:\\Users\\Trindade\\Desktop\\portal-ds\\node_modules\\pg-pool\\index.js:45:11\n    at process.processTicksAndRejections (node:internal/process/task_queues:95:5)\n    at async Strategy._verify (C:\\Users\\Trindade\\Desktop\\portal-ds\\server.js:56:21)"}
{"level":"error","message":"error: coluna \"user_id\" da relação \"users\" não existe\n    at C:\\Users\\Trindade\\Desktop\\portal-ds\\node_modules\\pg-pool\\index.js:45:11\n    at process.processTicksAndRejections (node:internal/process/task_queues:95:5)\n    at async Strategy._verify (C:\\Users\\Trindade\\Desktop\\portal-ds\\server.js:56:21)"}
